<?xml version="1.0" encoding="UTF-8"?>
<robot generator="Robot 3.0.4 (Python 3.7.0 on win32)" generated="20181228 17:15:50.201">
<suite id="s1" name="Testung" source="C:\development\robot_scripts\Appium\Testung">
<suite id="s1-s1" name="Tes" source="C:\development\robot_scripts\Appium\Testung\Tes.robot">
<test id="s1-s1-t1" name="hif">
<kw name="Open" library="commoon" type="setup">
<kw name="Open Application" library="AppiumLibrary">
<doc>Opens a new application to given Appium server.</doc>
<arguments>
<arg>${APPIUM_SERVER1}</arg>
<arg>platformName=android</arg>
<arg>platformVersion=8.1.0</arg>
<arg>deviceName=emulator-5554</arg>
<arg>automationName=uiautomator2</arg>
<arg>appPackage=com.grabqpons.android</arg>
<arg>newCommandTimeout=500000</arg>
<arg>appActivity=com.grabqpons.android.MainActivity</arg>
</arguments>
<assign>
<var>${androiddriver1}</var>
</assign>
<msg timestamp="20181228 17:16:13.243" level="INFO">${androiddriver1} = 1</msg>
<status status="PASS" starttime="20181228 17:15:51.837" endtime="20181228 17:16:13.243"></status>
</kw>
<kw name="Wait Until Page Contains Element" library="AppiumLibrary">
<doc>Waits until element specified with `locator` appears on current page.</doc>
<arguments>
<arg>//android.view.View[@index= '0']/android.widget.Button[@index='0']</arg>
</arguments>
<status status="PASS" starttime="20181228 17:16:13.243" endtime="20181228 17:16:21.436"></status>
</kw>
<kw name="Click Element" library="AppiumLibrary">
<doc>Click element identified by `locator`.</doc>
<arguments>
<arg>//android.view.View[@index= '0']/android.widget.Button[@index='0']</arg>
</arguments>
<msg timestamp="20181228 17:16:21.437" level="INFO">Clicking element '//android.view.View[@index= '0']/android.widget.Button[@index='0']'.</msg>
<status status="PASS" starttime="20181228 17:16:21.436" endtime="20181228 17:16:21.827"></status>
</kw>
<kw name="Sleep" library="BuiltIn">
<doc>Pauses the test executed for the given time.</doc>
<arguments>
<arg>2s</arg>
</arguments>
<msg timestamp="20181228 17:16:23.829" level="INFO">Slept 2 seconds</msg>
<status status="PASS" starttime="20181228 17:16:21.828" endtime="20181228 17:16:23.829"></status>
</kw>
<status status="PASS" starttime="20181228 17:15:51.837" endtime="20181228 17:16:23.829"></status>
</kw>
<kw name="Hi" library="reddy">
<kw name="Input Text" library="AppiumLibrary">
<doc>Types the given `text` into text field identified by `locator`.</doc>
<arguments>
<arg>//android.view.View[@index=3]/android.view.View[@index='0']/android.view.View[@index='0']/android.view.View[@index='0']/android.view.View[@index='0']/android.view.View[@index='0']/android.view.View[@index='0']/android.widget.EditText[@index='0']</arg>
<arg>Asdf@gmail.com</arg>
</arguments>
<msg timestamp="20181228 17:16:23.831" level="INFO">Typing text 'Asdf@gmail.com' into text field '//android.view.View[@index=3]/android.view.View[@index='0']/android.view.View[@index='0']/android.view.View[@index='0']/android.view.View[@index='0']/android.view.View[@index='0']/android.view.View[@index='0']/android.widget.EditText[@index='0']'</msg>
<status status="PASS" starttime="20181228 17:16:23.830" endtime="20181228 17:16:24.482"></status>
</kw>
<kw name="Input Text" library="AppiumLibrary">
<doc>Types the given `text` into text field identified by `locator`.</doc>
<arguments>
<arg>//android.view.View[@index='1']/android.view.View[@index='0']/android.view.View[@index='0']/android.view.View[@index='0']/android.widget.EditText[@index='0'] | //android.widget.EditText[text='Password']</arg>
<arg>Asdf@1234</arg>
</arguments>
<msg timestamp="20181228 17:16:24.484" level="INFO">Typing text 'Asdf@1234' into text field '//android.view.View[@index='1']/android.view.View[@index='0']/android.view.View[@index='0']/android.view.View[@index='0']/android.widget.EditText[@index='0'] | //android.widget.EditText[text='Password']'</msg>
<status status="PASS" starttime="20181228 17:16:24.482" endtime="20181228 17:16:26.067"></status>
</kw>
<kw name="Click Element" library="AppiumLibrary">
<doc>Click element identified by `locator`.</doc>
<arguments>
<arg>//android.view.View[@index='2']/android.view.View[@index='0']/android.view.View[@index='0']/android.view.View[@index='0']/android.widget.Button[@index='0']</arg>
</arguments>
<msg timestamp="20181228 17:16:26.068" level="INFO">Clicking element '//android.view.View[@index='2']/android.view.View[@index='0']/android.view.View[@index='0']/android.view.View[@index='0']/android.widget.Button[@index='0']'.</msg>
<status status="PASS" starttime="20181228 17:16:26.067" endtime="20181228 17:16:27.118"></status>
</kw>
<kw name="Sleep" library="BuiltIn">
<doc>Pauses the test executed for the given time.</doc>
<arguments>
<arg>30s</arg>
</arguments>
<msg timestamp="20181228 17:16:57.119" level="INFO">Slept 30 seconds</msg>
<status status="PASS" starttime="20181228 17:16:27.118" endtime="20181228 17:16:57.120"></status>
</kw>
<kw name="Click Element" library="AppiumLibrary">
<doc>Click element identified by `locator`.</doc>
<arguments>
<arg>//android.webkit.WebView[@index='0']/android.view.View[@index='0']/android.view.View[@index='0']/android.app.Dialog[@index='1']/android.view.View[@index='0']/android.widget.Button[@index='2']</arg>
</arguments>
<msg timestamp="20181228 17:16:57.124" level="INFO">Clicking element '//android.webkit.WebView[@index='0']/android.view.View[@index='0']/android.view.View[@index='0']/android.app.Dialog[@index='1']/android.view.View[@index='0']/android.widget.Button[@index='2']'.</msg>
<status status="PASS" starttime="20181228 17:16:57.120" endtime="20181228 17:16:57.551"></status>
</kw>
<kw name="Click Element" library="AppiumLibrary">
<doc>Click element identified by `locator`.</doc>
<arguments>
<arg>//android.widget.FrameLayout[@index='0']/android.webkit.WebView[@index='0']/android.webkit.WebView[@index='0']/android.view.View[@index='0']/android.view.View[@index='0']/android.view.View[@index='0']/android.view.View[@index='0']/android.view.View[@index='0']/android.view.View[@index='0']/android.widget.TabWidget[@index='0']/android.view.View[@index='1']</arg>
</arguments>
<msg timestamp="20181228 17:16:57.552" level="INFO">Clicking element '//android.widget.FrameLayout[@index='0']/android.webkit.WebView[@index='0']/android.webkit.WebView[@index='0']/android.view.View[@index='0']/android.view.View[@index='0']/android.view.View[@index='0']/android.view.View[@index='0']/android.view.View[@index='0']/android.view.View[@index='0']/android.widget.TabWidget[@index='0']/android.view.View[@index='1']'.</msg>
<status status="PASS" starttime="20181228 17:16:57.551" endtime="20181228 17:16:58.673"></status>
</kw>
<kw name="Sleep" library="BuiltIn">
<doc>Pauses the test executed for the given time.</doc>
<arguments>
<arg>2s</arg>
</arguments>
<msg timestamp="20181228 17:17:00.675" level="INFO">Slept 2 seconds</msg>
<status status="PASS" starttime="20181228 17:16:58.673" endtime="20181228 17:17:00.675"></status>
</kw>
<kw name="Click Element" library="AppiumLibrary">
<doc>Click element identified by `locator`.</doc>
<arguments>
<arg>//android.widget.FrameLayout[@index='0']/android.webkit.WebView[@index='0']/android.webkit.WebView[@index='0']/android.view.View[@index='0']/android.view.View[@index='0']/android.view.View[@index='0']/android.view.View[@index='0']/android.view.View[@index='0']/android.view.View[@index='0']/android.widget.TabWidget[@index='0']/android.view.View[@index='2']</arg>
</arguments>
<msg timestamp="20181228 17:17:00.679" level="INFO">Clicking element '//android.widget.FrameLayout[@index='0']/android.webkit.WebView[@index='0']/android.webkit.WebView[@index='0']/android.view.View[@index='0']/android.view.View[@index='0']/android.view.View[@index='0']/android.view.View[@index='0']/android.view.View[@index='0']/android.view.View[@index='0']/android.widget.TabWidget[@index='0']/android.view.View[@index='2']'.</msg>
<status status="PASS" starttime="20181228 17:17:00.675" endtime="20181228 17:17:01.856"></status>
</kw>
<kw name="Sleep" library="BuiltIn">
<doc>Pauses the test executed for the given time.</doc>
<arguments>
<arg>2s</arg>
</arguments>
<msg timestamp="20181228 17:17:03.859" level="INFO">Slept 2 seconds</msg>
<status status="PASS" starttime="20181228 17:17:01.856" endtime="20181228 17:17:03.859"></status>
</kw>
<kw name="Click Element" library="AppiumLibrary">
<doc>Click element identified by `locator`.</doc>
<arguments>
<arg>//android.widget.FrameLayout[@index='0']/android.webkit.WebView[@index='0']/android.webkit.WebView[@index='0']/android.view.View[@index='0']/android.view.View[@index='0']/android.view.View[@index='0']/android.view.View[@index='0']/android.view.View[@index='0']/android.view.View[@index='0']/android.widget.TabWidget[@index='0']/android.view.View[@index='3']</arg>
</arguments>
<msg timestamp="20181228 17:17:03.862" level="INFO">Clicking element '//android.widget.FrameLayout[@index='0']/android.webkit.WebView[@index='0']/android.webkit.WebView[@index='0']/android.view.View[@index='0']/android.view.View[@index='0']/android.view.View[@index='0']/android.view.View[@index='0']/android.view.View[@index='0']/android.view.View[@index='0']/android.widget.TabWidget[@index='0']/android.view.View[@index='3']'.</msg>
<status status="PASS" starttime="20181228 17:17:03.859" endtime="20181228 17:17:04.693"></status>
</kw>
<kw name="Sleep" library="BuiltIn">
<doc>Pauses the test executed for the given time.</doc>
<arguments>
<arg>2s</arg>
</arguments>
<msg timestamp="20181228 17:17:06.696" level="INFO">Slept 2 seconds</msg>
<status status="PASS" starttime="20181228 17:17:04.694" endtime="20181228 17:17:06.696"></status>
</kw>
<kw name="Click Element" library="AppiumLibrary">
<doc>Click element identified by `locator`.</doc>
<arguments>
<arg>//android.widget.FrameLayout[@index='0']/android.webkit.WebView[@index='0']/android.webkit.WebView[@index='0']/android.view.View[@index='0']/android.view.View[@index='0']/android.view.View[@index='0']/android.view.View[@index='0']/android.view.View[@index='0']/android.view.View[@index='0']/android.widget.TabWidget[@index='0']/android.view.View[@index='4']</arg>
</arguments>
<msg timestamp="20181228 17:17:06.697" level="INFO">Clicking element '//android.widget.FrameLayout[@index='0']/android.webkit.WebView[@index='0']/android.webkit.WebView[@index='0']/android.view.View[@index='0']/android.view.View[@index='0']/android.view.View[@index='0']/android.view.View[@index='0']/android.view.View[@index='0']/android.view.View[@index='0']/android.widget.TabWidget[@index='0']/android.view.View[@index='4']'.</msg>
<status status="PASS" starttime="20181228 17:17:06.696" endtime="20181228 17:17:07.251"></status>
</kw>
<kw name="Sleep" library="BuiltIn">
<doc>Pauses the test executed for the given time.</doc>
<arguments>
<arg>2s</arg>
</arguments>
<msg timestamp="20181228 17:17:09.251" level="INFO">Slept 2 seconds</msg>
<status status="PASS" starttime="20181228 17:17:07.251" endtime="20181228 17:17:09.251"></status>
</kw>
<kw name="Click Element" library="AppiumLibrary">
<doc>Click element identified by `locator`.</doc>
<arguments>
<arg>//android.widget.FrameLayout[@index='0']/android.webkit.WebView[@index='0']/android.webkit.WebView[@index='0']/android.view.View[@index='0']/android.view.View[@index='0']/android.view.View[@index='0']/android.view.View[@index='0']/android.view.View[@index='0']/android.view.View[@index='0']/android.widget.TabWidget[@index='0']/android.view.View[@index='0']</arg>
</arguments>
<msg timestamp="20181228 17:17:09.253" level="INFO">Clicking element '//android.widget.FrameLayout[@index='0']/android.webkit.WebView[@index='0']/android.webkit.WebView[@index='0']/android.view.View[@index='0']/android.view.View[@index='0']/android.view.View[@index='0']/android.view.View[@index='0']/android.view.View[@index='0']/android.view.View[@index='0']/android.widget.TabWidget[@index='0']/android.view.View[@index='0']'.</msg>
<status status="PASS" starttime="20181228 17:17:09.251" endtime="20181228 17:17:09.706"></status>
</kw>
<kw name="Click Element" library="AppiumLibrary">
<doc>Click element identified by `locator`.</doc>
<arguments>
<arg>//android.widget.FrameLayout[@index='0']/android.webkit.WebView[@index='0']/android.webkit.WebView[@index='0']/android.view.View[@index='0']/android.view.View[@index='0']/android.view.View[@index='0']/android.view.View[@index='0']/android.view.View[@index='0']/android.view.View[@index='0']/android.widget.TabWidget[@index='0']/android.view.View[@index='1']</arg>
</arguments>
<msg timestamp="20181228 17:17:09.707" level="INFO">Clicking element '//android.widget.FrameLayout[@index='0']/android.webkit.WebView[@index='0']/android.webkit.WebView[@index='0']/android.view.View[@index='0']/android.view.View[@index='0']/android.view.View[@index='0']/android.view.View[@index='0']/android.view.View[@index='0']/android.view.View[@index='0']/android.widget.TabWidget[@index='0']/android.view.View[@index='1']'.</msg>
<status status="PASS" starttime="20181228 17:17:09.706" endtime="20181228 17:17:10.732"></status>
</kw>
<kw name="Sleep" library="BuiltIn">
<doc>Pauses the test executed for the given time.</doc>
<arguments>
<arg>2s</arg>
</arguments>
<msg timestamp="20181228 17:17:12.734" level="INFO">Slept 2 seconds</msg>
<status status="PASS" starttime="20181228 17:17:10.733" endtime="20181228 17:17:12.734"></status>
</kw>
<kw name="Click Element" library="AppiumLibrary">
<doc>Click element identified by `locator`.</doc>
<arguments>
<arg>//android.view.View[@index='1']/android.view.View[@index='0']/android.view.View[@index='0']/android.view.View[@index='0']/android.view.View[@index='1']</arg>
</arguments>
<msg timestamp="20181228 17:17:12.735" level="INFO">Clicking element '//android.view.View[@index='1']/android.view.View[@index='0']/android.view.View[@index='0']/android.view.View[@index='0']/android.view.View[@index='1']'.</msg>
<status status="PASS" starttime="20181228 17:17:12.734" endtime="20181228 17:17:13.728"></status>
</kw>
<kw name="Sleep" library="BuiltIn">
<doc>Pauses the test executed for the given time.</doc>
<arguments>
<arg>2s</arg>
</arguments>
<msg timestamp="20181228 17:17:15.731" level="INFO">Slept 2 seconds</msg>
<status status="PASS" starttime="20181228 17:17:13.728" endtime="20181228 17:17:15.731"></status>
</kw>
<kw name="Click Element" library="AppiumLibrary">
<doc>Click element identified by `locator`.</doc>
<arguments>
<arg>//android.view.View[@index='1']/android.view.View[@index='0']/android.view.View[@index='0']/android.view.View[@index='0']/android.view.View[@index='0']/android.view.View[@index='0']</arg>
</arguments>
<msg timestamp="20181228 17:17:15.732" level="INFO">Clicking element '//android.view.View[@index='1']/android.view.View[@index='0']/android.view.View[@index='0']/android.view.View[@index='0']/android.view.View[@index='0']/android.view.View[@index='0']'.</msg>
<status status="PASS" starttime="20181228 17:17:15.731" endtime="20181228 17:17:17.071"></status>
</kw>
<kw name="Click Element" library="AppiumLibrary">
<doc>Click element identified by `locator`.</doc>
<arguments>
<arg>//android.view.View[@index='1']/android.view.View[@index='0']/android.view.View[@index='0']/android.view.View[@index='1']</arg>
</arguments>
<msg timestamp="20181228 17:17:17.073" level="INFO">Clicking element '//android.view.View[@index='1']/android.view.View[@index='0']/android.view.View[@index='0']/android.view.View[@index='1']'.</msg>
<status status="PASS" starttime="20181228 17:17:17.071" endtime="20181228 17:17:18.917"></status>
</kw>
<kw name="Sleep" library="BuiltIn">
<doc>Pauses the test executed for the given time.</doc>
<arguments>
<arg>1s</arg>
</arguments>
<msg timestamp="20181228 17:17:19.919" level="INFO">Slept 1 second</msg>
<status status="PASS" starttime="20181228 17:17:18.918" endtime="20181228 17:17:19.919"></status>
</kw>
<kw name="Click Element" library="AppiumLibrary">
<doc>Click element identified by `locator`.</doc>
<arguments>
<arg>//android.view.View[@index='1']/android.view.View[@index='0']/android.view.View[@index='0']/android.view.View[@index='0']/android.view.View[@index='0']</arg>
</arguments>
<msg timestamp="20181228 17:17:19.922" level="INFO">Clicking element '//android.view.View[@index='1']/android.view.View[@index='0']/android.view.View[@index='0']/android.view.View[@index='0']/android.view.View[@index='0']'.</msg>
<status status="PASS" starttime="20181228 17:17:19.919" endtime="20181228 17:17:21.752"></status>
</kw>
<kw name="Sleep" library="BuiltIn">
<doc>Pauses the test executed for the given time.</doc>
<arguments>
<arg>1s</arg>
</arguments>
<msg timestamp="20181228 17:17:22.752" level="INFO">Slept 1 second</msg>
<status status="PASS" starttime="20181228 17:17:21.752" endtime="20181228 17:17:22.752"></status>
</kw>
<kw name="Click Element" library="AppiumLibrary">
<doc>Click element identified by `locator`.</doc>
<arguments>
<arg>//android.view.View[@index='1']/android.view.View[@index='0']/android.view.View[@index='0']/android.view.View[@index='4']/android.view.View[@index='1']</arg>
</arguments>
<msg timestamp="20181228 17:17:22.753" level="INFO">Clicking element '//android.view.View[@index='1']/android.view.View[@index='0']/android.view.View[@index='0']/android.view.View[@index='4']/android.view.View[@index='1']'.</msg>
<status status="PASS" starttime="20181228 17:17:22.752" endtime="20181228 17:17:24.344"></status>
</kw>
<kw name="Sleep" library="BuiltIn">
<doc>Pauses the test executed for the given time.</doc>
<arguments>
<arg>1s</arg>
</arguments>
<msg timestamp="20181228 17:17:25.346" level="INFO">Slept 1 second</msg>
<status status="PASS" starttime="20181228 17:17:24.344" endtime="20181228 17:17:25.346"></status>
</kw>
<kw name="Click Element" library="AppiumLibrary">
<doc>Click element identified by `locator`.</doc>
<arguments>
<arg>//android.view.View[@index='1']/android.view.View[@index='0']/android.view.View[@index='0']/android.view.View[@index='0']/android.view.View[@index='6']/android.view.View[@index='0']</arg>
</arguments>
<msg timestamp="20181228 17:17:25.350" level="INFO">Clicking element '//android.view.View[@index='1']/android.view.View[@index='0']/android.view.View[@index='0']/android.view.View[@index='0']/android.view.View[@index='6']/android.view.View[@index='0']'.</msg>
<status status="PASS" starttime="20181228 17:17:25.346" endtime="20181228 17:17:26.845"></status>
</kw>
<kw name="Sleep" library="BuiltIn">
<doc>Pauses the test executed for the given time.</doc>
<arguments>
<arg>2s</arg>
</arguments>
<msg timestamp="20181228 17:17:28.847" level="INFO">Slept 2 seconds</msg>
<status status="PASS" starttime="20181228 17:17:26.845" endtime="20181228 17:17:28.847"></status>
</kw>
<kw name="Click Element" library="AppiumLibrary">
<doc>Click element identified by `locator`.</doc>
<arguments>
<arg>//android.view.View[@index='1']/android.view.View[@index='0']/android.view.View[@index='0']/android.view.View[@index='5']/android.view.View[@index='1']</arg>
</arguments>
<msg timestamp="20181228 17:17:28.848" level="INFO">Clicking element '//android.view.View[@index='1']/android.view.View[@index='0']/android.view.View[@index='0']/android.view.View[@index='5']/android.view.View[@index='1']'.</msg>
<status status="PASS" starttime="20181228 17:17:28.847" endtime="20181228 17:17:29.870"></status>
</kw>
<kw name="Sleep" library="BuiltIn">
<doc>Pauses the test executed for the given time.</doc>
<arguments>
<arg>2s</arg>
</arguments>
<msg timestamp="20181228 17:17:31.871" level="INFO">Slept 2 seconds</msg>
<status status="PASS" starttime="20181228 17:17:29.871" endtime="20181228 17:17:31.871"></status>
</kw>
<kw name="Click Element" library="AppiumLibrary">
<doc>Click element identified by `locator`.</doc>
<arguments>
<arg>//android.view.View[@index='1']/android.view.View[@index='0']/android.view.View[@index='0']/android.view.View[@index='0']//android.view.View[@index='3']/android.view.View[@index='0']</arg>
</arguments>
<msg timestamp="20181228 17:17:31.873" level="INFO">Clicking element '//android.view.View[@index='1']/android.view.View[@index='0']/android.view.View[@index='0']/android.view.View[@index='0']//android.view.View[@index='3']/android.view.View[@index='0']'.</msg>
<status status="PASS" starttime="20181228 17:17:31.871" endtime="20181228 17:17:32.924"></status>
</kw>
<kw name="Sleep" library="BuiltIn">
<doc>Pauses the test executed for the given time.</doc>
<arguments>
<arg>1s</arg>
</arguments>
<msg timestamp="20181228 17:17:33.926" level="INFO">Slept 1 second</msg>
<status status="PASS" starttime="20181228 17:17:32.924" endtime="20181228 17:17:33.926"></status>
</kw>
<kw name="Click Element" library="AppiumLibrary">
<doc>Click element identified by `locator`.</doc>
<arguments>
<arg>//android.view.View[@index='1']/android.view.View[@index='0']/android.view.View[@index='0']/android.view.View[@index='6']/android.view.View[@index='1']/android.view.View[@index='0']/android.view.View[@index='1']</arg>
</arguments>
<msg timestamp="20181228 17:17:33.927" level="INFO">Clicking element '//android.view.View[@index='1']/android.view.View[@index='0']/android.view.View[@index='0']/android.view.View[@index='6']/android.view.View[@index='1']/android.view.View[@index='0']/android.view.View[@index='1']'.</msg>
<status status="PASS" starttime="20181228 17:17:33.926" endtime="20181228 17:17:35.508"></status>
</kw>
<kw name="Sleep" library="BuiltIn">
<doc>Pauses the test executed for the given time.</doc>
<arguments>
<arg>5s</arg>
</arguments>
<msg timestamp="20181228 17:17:40.510" level="INFO">Slept 5 seconds</msg>
<status status="PASS" starttime="20181228 17:17:35.509" endtime="20181228 17:17:40.510"></status>
</kw>
<kw name="Click Element" library="AppiumLibrary">
<doc>Click element identified by `locator`.</doc>
<arguments>
<arg>//android.view.View[@index='1']/android.view.View[@index='0']/android.view.View[@index='0']/android.view.View[@index='0']</arg>
</arguments>
<msg timestamp="20181228 17:17:40.514" level="INFO">Clicking element '//android.view.View[@index='1']/android.view.View[@index='0']/android.view.View[@index='0']/android.view.View[@index='0']'.</msg>
<status status="PASS" starttime="20181228 17:17:40.511" endtime="20181228 17:17:41.699"></status>
</kw>
<kw name="Sleep" library="BuiltIn">
<doc>Pauses the test executed for the given time.</doc>
<arguments>
<arg>2s</arg>
</arguments>
<msg timestamp="20181228 17:17:43.701" level="INFO">Slept 2 seconds</msg>
<status status="PASS" starttime="20181228 17:17:41.699" endtime="20181228 17:17:43.701"></status>
</kw>
<kw name="Sleep" library="BuiltIn">
<doc>Pauses the test executed for the given time.</doc>
<arguments>
<arg>1s</arg>
</arguments>
<msg timestamp="20181228 17:17:44.704" level="INFO">Slept 1 second</msg>
<status status="PASS" starttime="20181228 17:17:43.702" endtime="20181228 17:17:44.704"></status>
</kw>
<kw name="Click Element" library="AppiumLibrary">
<doc>Click element identified by `locator`.</doc>
<arguments>
<arg>//android.view.View[@index='1']/android.view.View[@index='0']/android.view.View[@index='0']/android.view.View[@index='7']/android.view.View[@index='1']/android.view.View[@index='0']</arg>
</arguments>
<msg timestamp="20181228 17:17:44.704" level="INFO">Clicking element '//android.view.View[@index='1']/android.view.View[@index='0']/android.view.View[@index='0']/android.view.View[@index='7']/android.view.View[@index='1']/android.view.View[@index='0']'.</msg>
<status status="PASS" starttime="20181228 17:17:44.704" endtime="20181228 17:17:45.722"></status>
</kw>
<kw name="Sleep" library="BuiltIn">
<doc>Pauses the test executed for the given time.</doc>
<arguments>
<arg>1s</arg>
</arguments>
<msg timestamp="20181228 17:17:46.724" level="INFO">Slept 1 second</msg>
<status status="PASS" starttime="20181228 17:17:45.723" endtime="20181228 17:17:46.724"></status>
</kw>
<kw name="Click Element" library="AppiumLibrary">
<doc>Click element identified by `locator`.</doc>
<arguments>
<arg>//android.view.View[@index='1']/android.view.View[@index='0']/android.view.View[@index='0']/android.view.View[@index='0']/android.view.View[@index='3']/android.view.View[@index='0']</arg>
</arguments>
<msg timestamp="20181228 17:17:46.725" level="INFO">Clicking element '//android.view.View[@index='1']/android.view.View[@index='0']/android.view.View[@index='0']/android.view.View[@index='0']/android.view.View[@index='3']/android.view.View[@index='0']'.</msg>
<status status="PASS" starttime="20181228 17:17:46.724" endtime="20181228 17:17:48.165"></status>
</kw>
<kw name="Sleep" library="BuiltIn">
<doc>Pauses the test executed for the given time.</doc>
<arguments>
<arg>1s</arg>
</arguments>
<msg timestamp="20181228 17:17:49.166" level="INFO">Slept 1 second</msg>
<status status="PASS" starttime="20181228 17:17:48.165" endtime="20181228 17:17:49.166"></status>
</kw>
<kw name="Click Element" library="AppiumLibrary">
<doc>Click element identified by `locator`.</doc>
<arguments>
<arg>//android.view.View[@index='1']/android.view.View[@index='0']/android.view.View[@index='0']/android.view.View[@index='8']/android.view.View[@index='1']/android.view.View[@index='0']</arg>
</arguments>
<msg timestamp="20181228 17:17:49.168" level="INFO">Clicking element '//android.view.View[@index='1']/android.view.View[@index='0']/android.view.View[@index='0']/android.view.View[@index='8']/android.view.View[@index='1']/android.view.View[@index='0']'.</msg>
<status status="PASS" starttime="20181228 17:17:49.166" endtime="20181228 17:17:50.686"></status>
</kw>
<kw name="Sleep" library="BuiltIn">
<doc>Pauses the test executed for the given time.</doc>
<arguments>
<arg>1s</arg>
</arguments>
<msg timestamp="20181228 17:17:51.688" level="INFO">Slept 1 second</msg>
<status status="PASS" starttime="20181228 17:17:50.686" endtime="20181228 17:17:51.688"></status>
</kw>
<kw name="Click Element" library="AppiumLibrary">
<doc>Click element identified by `locator`.</doc>
<arguments>
<arg>//android.view.View[@index='1']/android.view.View[@index='0']/android.view.View[@index='0']/android.view.View[@index='0']/android.view.View[@index='2']/android.view.View[@index='0']</arg>
</arguments>
<msg timestamp="20181228 17:17:51.689" level="INFO">Clicking element '//android.view.View[@index='1']/android.view.View[@index='0']/android.view.View[@index='0']/android.view.View[@index='0']/android.view.View[@index='2']/android.view.View[@index='0']'.</msg>
<status status="PASS" starttime="20181228 17:17:51.688" endtime="20181228 17:17:53.096"></status>
</kw>
<kw name="Sleep" library="BuiltIn">
<doc>Pauses the test executed for the given time.</doc>
<arguments>
<arg>2s</arg>
</arguments>
<msg timestamp="20181228 17:17:55.098" level="INFO">Slept 2 seconds</msg>
<status status="PASS" starttime="20181228 17:17:53.096" endtime="20181228 17:17:55.098"></status>
</kw>
<kw name="Click Element" library="AppiumLibrary">
<doc>Click element identified by `locator`.</doc>
<arguments>
<arg>//android.view.View[@index='1']/android.view.View[@index='0']/android.view.View[@index='0']/android.view.View[@index='9']/android.view.View[@index='1']/android.view.View[@index='0']</arg>
</arguments>
<msg timestamp="20181228 17:17:55.102" level="INFO">Clicking element '//android.view.View[@index='1']/android.view.View[@index='0']/android.view.View[@index='0']/android.view.View[@index='9']/android.view.View[@index='1']/android.view.View[@index='0']'.</msg>
<status status="PASS" starttime="20181228 17:17:55.099" endtime="20181228 17:17:56.046"></status>
</kw>
<kw name="Sleep" library="BuiltIn">
<doc>Pauses the test executed for the given time.</doc>
<arguments>
<arg>1s</arg>
</arguments>
<msg timestamp="20181228 17:17:57.048" level="INFO">Slept 1 second</msg>
<status status="PASS" starttime="20181228 17:17:56.046" endtime="20181228 17:17:57.048"></status>
</kw>
<kw name="Click Element" library="AppiumLibrary">
<doc>Click element identified by `locator`.</doc>
<arguments>
<arg>//android.view.View[@index='1']/android.view.View[@index='0']/android.view.View[@index='0']/android.view.View[@index='0']/android.view.View[@index='4']/android.view.View[@index='0']</arg>
</arguments>
<msg timestamp="20181228 17:17:57.051" level="INFO">Clicking element '//android.view.View[@index='1']/android.view.View[@index='0']/android.view.View[@index='0']/android.view.View[@index='0']/android.view.View[@index='4']/android.view.View[@index='0']'.</msg>
<status status="PASS" starttime="20181228 17:17:57.048" endtime="20181228 17:17:58.459"></status>
</kw>
<status status="PASS" starttime="20181228 17:16:23.830" endtime="20181228 17:17:58.459"></status>
</kw>
<status status="PASS" starttime="20181228 17:15:51.836" endtime="20181228 17:17:58.459" critical="yes"></status>
</test>
<doc>This script starts apps on two phones</doc>
<status status="PASS" starttime="20181228 17:15:50.260" endtime="20181228 17:17:58.460"></status>
</suite>
<status status="PASS" starttime="20181228 17:15:50.203" endtime="20181228 17:17:58.462"></status>
</suite>
<statistics>
<total>
<stat pass="1" fail="0">Critical Tests</stat>
<stat pass="1" fail="0">All Tests</stat>
</total>
<tag>
</tag>
<suite>
<stat pass="1" fail="0" id="s1" name="Testung">Testung</stat>
<stat pass="1" fail="0" id="s1-s1" name="Tes">Testung.Tes</stat>
</suite>
</statistics>
<errors>
</errors>
</robot>
